2009-10-21 22:09:26 Honeypot started.
2009-10-21 22:09:26 Starting extensions registration process...
2009-10-21 22:09:26 NOTICE The server demands authorization for extension 3001
2009-10-21 22:09:26 NOTICE Authorization sent for extension 3001...
2009-10-21 22:09:26 NOTICE OPTIONS message received for extension 3001
2009-10-21 22:09:26 NOTICE An OPTIONS message was answered with an OK.
2009-10-21 22:09:26 NOTICE Extension 3001 successfully registered.
2009-10-21 22:09:26 NOTICE REGISTER request sent with extension 3001...
2009-10-21 22:09:26 NOTICE The server demands authorization for extension 3000
2009-10-21 22:09:26 NOTICE Authorization sent for extension 3000...
2009-10-21 22:09:26 NOTICE OPTIONS message received for extension 3000
2009-10-21 22:09:26 NOTICE An OPTIONS message was answered with an OK.
2009-10-21 22:09:26 NOTICE Extension 3000 successfully registered.
2009-10-21 22:09:26 NOTICE REGISTER request sent with extension 3000...
2009-10-21 22:09:26 NOTICE REGISTER request sent with extension 3002...
2009-10-21 22:09:26 NOTICE The server demands authorization for extension 3002
2009-10-21 22:09:26 NOTICE Authorization sent for extension 3002...
2009-10-21 22:09:26 NOTICE OPTIONS message received for extension 3002
2009-10-21 22:09:26 NOTICE An OPTIONS message was answered with an OK.
2009-10-21 22:09:26 NOTICE Extension 3002 successfully registered.
2009-10-21 22:10:13 Honeypot started.
2009-10-21 22:10:13 Starting extensions registration process...
2009-10-21 22:10:13 NOTICE The server demands authorization for extension 3001
2009-10-21 22:10:13 NOTICE Authorization sent for extension 3001...
2009-10-21 22:10:13 NOTICE OPTIONS message received for extension 3001
2009-10-21 22:10:13 NOTICE An OPTIONS message was answered with an OK.
2009-10-21 22:10:13 NOTICE Extension 3001 successfully registered.
2009-10-21 22:10:13 NOTICE REGISTER request sent with extension 3001...
2009-10-21 22:10:13 NOTICE The server demands authorization for extension 3000
2009-10-21 22:10:13 NOTICE Authorization sent for extension 3000...
2009-10-21 22:10:13 NOTICE OPTIONS message received for extension 3000
2009-10-21 22:10:13 NOTICE REGISTER request sent with extension 3000...
2009-10-21 22:10:13 NOTICE REGISTER request sent with extension 3002...
2009-10-21 22:10:13 NOTICE An OPTIONS message was answered with an OK.
2009-10-21 22:10:13 NOTICE Extension 3000 successfully registered.
2009-10-21 22:10:13 NOTICE The server demands authorization for extension 3002
2009-10-21 22:10:13 NOTICE Authorization sent for extension 3002...
2009-10-21 22:10:13 NOTICE OPTIONS message received for extension 3002
2009-10-21 22:10:13 NOTICE An OPTIONS message was answered with an OK.
2009-10-21 22:10:13 NOTICE Extension 3002 successfully registered.
2009-10-21 22:10:19  NOTICE INVITE detected.
2009-10-21 22:10:19 2009-10-21 22:10:19 Checking historical information...
2009-10-21 22:10:19 2009-10-21 22:10:19 Performing whois to: 200.16.16.61
2009-10-21 22:10:28 2009-10-21 22:10:28 Getting geographic location of: 200.16.16.61
2009-10-21 22:10:29 2009-10-21 22:10:29 Performing reverse DNS to: 200.16.16.61
2009-10-21 22:10:29 2009-10-21 22:10:29 Checking DNS coherence...
2009-10-21 22:10:30 2009-10-21 22:10:30 Checking fingerprint...
2009-10-21 22:10:30 2009-10-21 22:10:30 Checking "To" field coherence...
2009-10-21 22:10:30 2009-10-21 22:10:30 Getting dispersion of source points...
2009-10-21 22:10:58 
2009-10-21 22:10:58 -------------------------------------------------------------------
2009-10-21 22:10:58 | Results (verbose)                                               |
2009-10-21 22:10:58 -------------------------------------------------------------------
2009-10-21 22:10:58 Lambda_to_parent_historical: 0.05, 0.75
2009-10-21 22:10:58 Lambda_to_parent_whois: 0.7, 0.3
2009-10-21 22:10:58 Lambda_to_parent_gl: 0.8, 0.2
2009-10-21 22:10:58 Lambda_to_parent_rdns: 0.5, 0.5
2009-10-21 22:10:58 Lambda_to_parent_dns: 0.8, 0.2
2009-10-21 22:10:58 Lambda_to_parent_fingerprint:0.5, 0.5
2009-10-21 22:10:58 -------------------------------------------------------------------
2009-10-21 22:10:58 Lambda_trust: 0.713375796178, 0.286624203822
2009-10-21 22:10:58 Lambda_to_parent_trust: 0.1875, 0.625, 0.1875
2009-10-21 22:10:58 -------------------------------------------------------------------
2009-10-21 22:10:58 Lambda_to_parent_to: 0.692307692308, 0.230769230769, 0.0769230769231
2009-10-21 22:10:58 -------------------------------------------------------------------
2009-10-21 22:10:58 Lambda_to_parent_dispersion: 0.521739130435, 0.434782608696, 0.0434782608696
2009-10-21 22:10:58 -------------------------------------------------------------------
2009-10-21 22:10:58 
2009-10-21 22:10:58 -------------------------------------------------------------------
2009-10-21 22:10:58 | Results                                                         |
2009-10-21 22:10:58 -------------------------------------------------------------------
2009-10-21 22:10:58 
2009-10-21 22:10:58 The probability of the message of being normal is = 0.4451
2009-10-21 22:10:58 The probability of the message of being suspicious is = 0.5495
2009-10-21 22:10:58 The probability of the message of being crafted is = 0.0055
2009-10-21 22:10:58 
2009-10-21 22:10:58 The message is therefore considered suspicious.
2009-10-21 22:10:58 
2009-10-21 22:10:58 -------------------------------------------------------------------
2009-10-21 22:10:58 
2009-10-21 22:10:58 
2009-10-21 22:11:02  NOTICE INVITE detected.
2009-10-21 22:11:02 2009-10-21 22:11:02 Checking historical information...
2009-10-21 22:11:02 2009-10-21 22:11:02 Performing whois to: www.ubp.edu.ar
2009-10-21 22:11:09 2009-10-21 22:11:09 Getting geographic location of: www.ubp.edu.ar
2009-10-21 22:11:09 2009-10-21 22:11:09 Performing reverse DNS to: 200.69.136.134
2009-10-21 22:11:10 2009-10-21 22:11:10 Checking DNS coherence...
2009-10-21 22:11:10 2009-10-21 22:11:10 Checking fingerprint...
2009-10-21 22:11:10 2009-10-21 22:11:10 Checking "To" field coherence...
2009-10-21 22:11:10 2009-10-21 22:11:10 Getting dispersion of source points...
2009-10-21 22:11:37 
2009-10-21 22:11:37 -------------------------------------------------------------------
2009-10-21 22:11:37 | Results (verbose)                                               |
2009-10-21 22:11:37 -------------------------------------------------------------------
2009-10-21 22:11:37 Lambda_to_parent_historical: 0.05, 0.75
2009-10-21 22:11:37 Lambda_to_parent_whois: 0.3, 0.7
2009-10-21 22:11:37 Lambda_to_parent_gl: 0.8, 0.2
2009-10-21 22:11:37 Lambda_to_parent_rdns: 0.9, 0.1
2009-10-21 22:11:37 Lambda_to_parent_dns: 0.8, 0.2
2009-10-21 22:11:37 Lambda_to_parent_fingerprint:0.8, 0.2
2009-10-21 22:11:37 -------------------------------------------------------------------
2009-10-21 22:11:37 Lambda_trust: 0.94271685761, 0.0572831423895
2009-10-21 22:11:37 Lambda_to_parent_trust: 0.842105263158, 0.105263157895, 0.0526315789474
2009-10-21 22:11:37 -------------------------------------------------------------------
2009-10-21 22:11:37 Lambda_to_parent_to: 0.692307692308, 0.230769230769, 0.0769230769231
2009-10-21 22:11:37 -------------------------------------------------------------------
2009-10-21 22:11:37 Lambda_to_parent_dispersion: 0.1, 0.1, 0.8
2009-10-21 22:11:37 -------------------------------------------------------------------
2009-10-21 22:11:37 
2009-10-21 22:11:37 -------------------------------------------------------------------
2009-10-21 22:11:37 | Results                                                         |
2009-10-21 22:11:37 -------------------------------------------------------------------
2009-10-21 22:11:37 
2009-10-21 22:11:37 The probability of the message of being normal is = 0.8852
2009-10-21 22:11:37 The probability of the message of being suspicious is = 0.0492
2009-10-21 22:11:37 The probability of the message of being crafted is = 0.0656
2009-10-21 22:11:37 
2009-10-21 22:11:37 The message is therefore considered normal.
2009-10-21 22:11:37 
2009-10-21 22:11:37 -------------------------------------------------------------------
2009-10-21 22:11:37 
2009-10-21 22:11:37 
2009-10-21 22:11:37 NOTICE OPTIONS message received for extension 3001
2009-10-21 22:11:37 NOTICE An OPTIONS message was answered with an OK.
2009-10-21 22:11:37 NOTICE OPTIONS message received for extension 3000
2009-10-21 22:11:37 NOTICE An OPTIONS message was answered with an OK.
2009-10-21 22:11:37 NOTICE OPTIONS message received for extension 3002
2009-10-21 22:11:37 NOTICE An OPTIONS message was answered with an OK.
2009-10-21 22:11:37 NOTICE OPTIONS message received for extension 3001
2009-10-21 22:11:37 NOTICE An OPTIONS message was answered with an OK.
2009-10-21 22:11:37 NOTICE OPTIONS message received for extension 3000
2009-10-21 22:11:37 NOTICE An OPTIONS message was answered with an OK.
2009-10-21 22:11:37 NOTICE OPTIONS message received for extension 3002
2009-10-21 22:11:37 NOTICE An OPTIONS message was answered with an OK.
2009-10-21 22:11:37 NOTICE OPTIONS message received for extension 3001
2009-10-21 22:11:37 NOTICE An OPTIONS message was answered with an OK.
2009-10-21 22:11:37 NOTICE OPTIONS message received for extension 3000
2009-10-21 22:11:37 NOTICE An OPTIONS message was answered with an OK.
2009-10-21 22:11:37 NOTICE OPTIONS message received for extension 3002
2009-10-21 22:11:37 NOTICE An OPTIONS message was answered with an OK.
2009-10-21 22:11:37 NOTICE OPTIONS message received for extension 3001
2009-10-21 22:11:37 NOTICE An OPTIONS message was answered with an OK.
2009-10-21 22:11:37 NOTICE OPTIONS message received for extension 3000
2009-10-21 22:11:37 NOTICE An OPTIONS message was answered with an OK.
2009-10-21 22:11:37 NOTICE OPTIONS message received for extension 3002
2009-10-21 22:11:37 NOTICE An OPTIONS message was answered with an OK.
2009-10-21 22:11:37 NOTICE OPTIONS message received for extension 3001
2009-10-21 22:11:37 NOTICE An OPTIONS message was answered with an OK.
2009-10-21 22:11:37 NOTICE OPTIONS message received for extension 3000
2009-10-21 22:11:37 NOTICE An OPTIONS message was answered with an OK.
2009-10-21 22:11:37 NOTICE OPTIONS message received for extension 3002
2009-10-21 22:11:37 NOTICE An OPTIONS message was answered with an OK.
2009-10-21 22:11:37 NOTICE OPTIONS message received for extension 3001
2009-10-21 22:11:37 NOTICE An OPTIONS message was answered with an OK.
2009-10-21 22:11:37 NOTICE OPTIONS message received for extension 3000
2009-10-21 22:11:37 NOTICE An OPTIONS message was answered with an OK.
2009-10-21 22:11:37 NOTICE OPTIONS message received for extension 3002
2009-10-21 22:11:37 NOTICE An OPTIONS message was answered with an OK.
2009-10-21 22:11:37 NOTICE OPTIONS message received for extension 3001
2009-10-21 22:11:37 NOTICE An OPTIONS message was answered with an OK.
2009-10-21 22:11:37 NOTICE OPTIONS message received for extension 3000
2009-10-21 22:11:37 NOTICE An OPTIONS message was answered with an OK.
2009-10-21 22:11:37 NOTICE OPTIONS message received for extension 3002
2009-10-21 22:11:37 NOTICE An OPTIONS message was answered with an OK.
2009-10-21 22:11:37 NOTICE OPTIONS message received for extension 3001
2009-10-21 22:11:37 NOTICE An OPTIONS message was answered with an OK.
2009-10-21 22:11:37 NOTICE OPTIONS message received for extension 3000
2009-10-21 22:11:37 NOTICE An OPTIONS message was answered with an OK.
2009-10-21 22:11:37 NOTICE OPTIONS message received for extension 3002
2009-10-21 22:11:37 NOTICE An OPTIONS message was answered with an OK.
2009-10-21 22:11:37 NOTICE OPTIONS message received for extension 3001
2009-10-21 22:11:37 NOTICE An OPTIONS message was answered with an OK.
2009-10-21 22:11:37 NOTICE OPTIONS message received for extension 3000
2009-10-21 22:11:37 NOTICE An OPTIONS message was answered with an OK.
2009-10-21 22:11:37 NOTICE OPTIONS message received for extension 3002
2009-10-21 22:11:37 NOTICE An OPTIONS message was answered with an OK.
2009-10-21 22:11:37 NOTICE OPTIONS message received for extension 3001
2009-10-21 22:11:37 NOTICE An OPTIONS message was answered with an OK.
2009-10-21 22:11:37 NOTICE OPTIONS message received for extension 3000
2009-10-21 22:11:37 NOTICE An OPTIONS message was answered with an OK.
2009-10-21 22:11:37 NOTICE OPTIONS message received for extension 3002
2009-10-21 22:11:37 NOTICE An OPTIONS message was answered with an OK.
2009-10-21 22:11:41 NOTICE OPTIONS message received for extension 3001
2009-10-21 22:11:41 NOTICE An OPTIONS message was answered with an OK.
2009-10-21 22:11:41 NOTICE OPTIONS message received for extension 3000
2009-10-21 22:11:41 NOTICE An OPTIONS message was answered with an OK.
2009-10-21 22:11:41 NOTICE OPTIONS message received for extension 3002
2009-10-21 22:11:41 NOTICE An OPTIONS message was answered with an OK.
